 Number of composition is           43
 KYMPA option is            1

 H2Ototwt%,nH2Otot,nH2Omolwt%EXP,nH2OmolEXP,1/T,nfreeOH,nfreeH,nOH-IR,nH2OmolEXP,nH2Omolcalc,nHtot,nHtot_after,DISPERSION,XfreeOHcalc,XfreeHcalc,XH2Omolcalc,YfreeOHcalc,YfreeHcalc,YH2Omolcalc
 2.76496  0.15348  0.30696  0.28673  0.01592  0.00068  0.04255  0.23258  0.275130    0.01591605      0.01592      0.30696     -0.00000      0.02501      0.13673      0.00936      0.14618      0.79913      0.05469
 2.76496  0.15348  0.30696  0.28673  0.01592  0.00068  0.04255  0.23258  0.275130    0.01591605      0.01592      0.30696     -0.00000      0.02501      0.13673      0.00936      0.14618      0.79913      0.05469
 2.76496  0.15348  0.30696  0.28673  0.01592  0.00068  0.04255  0.23258  0.275130    0.01591605      0.01592      0.30696     -0.00000      0.02501      0.13673      0.00936      0.14618      0.79913      0.05469
 2.76496  0.15348  0.30696  0.28673  0.01592  0.00068  0.04255  0.23258  0.275130    0.01591605      0.01592      0.30696     -0.00000      0.02501      0.13673      0.00936      0.14618      0.79913      0.05469
 3.84307  0.21333  0.42665  0.59617  0.03309  0.00068  0.07350  0.28697  0.360467    0.03309286      0.03309      0.42665     -0.00000      0.04215      0.16458      0.01898      0.18675      0.72917      0.08409
 4.65932  0.25864  0.51727  0.88813  0.04930  0.00068  0.10062  0.31805  0.418672    0.04929935      0.04930      0.51727     -0.00000      0.05666      0.17908      0.02776      0.21501      0.67964      0.10535
 5.34156  0.29651  0.59301  1.16065  0.06443  0.00068  0.12530  0.33886  0.464159    0.06442664      0.06443      0.59301     -0.00000      0.06949      0.18794      0.03573      0.23704      0.64107      0.12189
 5.93882  0.32966  0.65932  1.41552  0.07857  0.00068  0.14821  0.35396  0.502171    0.07857435      0.07858      0.65932     -0.00000      0.08114      0.19377      0.04302      0.25521      0.60949      0.13530
 6.47607  0.35948  0.71896  1.65490  0.09186  0.00068  0.16978  0.36546  0.535239    0.09186239      0.09186      0.71897     -0.00000      0.09187      0.19777      0.04971      0.27073      0.58278      0.14649
 6.96805  0.38679  0.77358  1.88073  0.10440  0.00068  0.19026  0.37453  0.564787    0.10439785      0.10440      0.77358     -0.00000      0.10188      0.20056      0.05591      0.28432      0.55968      0.15601
 7.42433  0.41212  0.82424  2.09463  0.11627  0.00068  0.20985  0.38185  0.591696    0.11627147      0.11627      0.82424     -0.00000      0.11130      0.20252      0.06167      0.29641      0.53936      0.16423
 7.85154  0.43583  0.87167  2.29797  0.12756  0.00068  0.22867  0.38787  0.616549    0.12755882      0.12756      0.87167     -0.00000      0.12020      0.20389      0.06705      0.30731      0.52126      0.17143
 8.25448  0.45820  0.91640  2.49189  0.13832  0.00068  0.24685  0.39290  0.639754    0.13832305      0.13832      0.91640     -0.00000      0.12868      0.20481      0.07211      0.31726      0.50497      0.17778
 8.63676  0.47942  0.95884  2.67734  0.14862  0.00068  0.26445  0.39715  0.661607    0.14861729      0.14862      0.95884     -0.00000      0.13678      0.20541      0.07687      0.32640      0.49017      0.18343
 9.00120  0.49965  0.99930  2.85514  0.15849  0.00068  0.28155  0.40077  0.682328    0.15848661      0.15849      0.99930     -0.00000      0.14454      0.20574      0.08136      0.33486      0.47665      0.18849
 9.35002  0.51901  1.03803  3.02597  0.16797  0.00068  0.29820  0.40389  0.702087    0.16796956      0.16797      1.03803     -0.00000      0.15201      0.20588      0.08562      0.34273      0.46421      0.19306
 9.68502  0.53761  1.07522  3.19045  0.17710  0.00068  0.31444  0.40658  0.721018    0.17709959      0.17710      1.07522     -0.00000      0.15921      0.20586      0.08967      0.35011      0.45270      0.19719
10.00767  0.55552  1.11104  3.34908  0.18591  0.00068  0.33030  0.40892  0.739227    0.18590520      0.18591      1.11104     -0.00000      0.16617      0.20572      0.09353      0.35703      0.44202      0.20095
10.31921  0.57281  1.14562  3.50233  0.19441  0.00068  0.34583  0.41097  0.756801    0.19441188      0.19441      1.14563     -0.00000      0.17290      0.20548      0.09720      0.36356      0.43205      0.20438
10.62069  0.58955  1.17909  3.65060  0.20264  0.00068  0.36104  0.41277  0.773810    0.20264204      0.20264      1.17910     -0.00000      0.17944      0.20515      0.10072      0.36975      0.42272      0.20753
10.91299  0.60577  1.21155  3.79423  0.21062  0.00068  0.37596  0.41435  0.790315    0.21061509      0.21062      1.21155     -0.00000      0.18579      0.20476      0.10408      0.37561      0.41397      0.21042
11.19689  0.62153  1.24306  3.93356  0.21835  0.00068  0.39062  0.41575  0.806365    0.21834892      0.21835      1.24307     -0.00000      0.19196      0.20431      0.10731      0.38119      0.40572      0.21308
11.47305  0.63686  1.27372  4.06885  0.22586  0.00068  0.40502  0.41698  0.822004    0.22585890      0.22586      1.27373     -0.00000      0.19798      0.20383      0.11040      0.38652      0.39794      0.21554
11.74204  0.65179  1.30359  4.20037  0.23316  0.00068  0.41919  0.41808  0.837266    0.23315952      0.23316      1.30359     -0.00000      0.20384      0.20330      0.11338      0.39161      0.39057      0.21782
12.00440  0.66636  1.33271  4.32834  0.24026  0.00068  0.43313  0.41905  0.852184    0.24026336      0.24027      1.33272     -0.00000      0.20956      0.20275      0.11625      0.39648      0.38359      0.21993
12.26056  0.68057  1.36115  4.45298  0.24718  0.00068  0.44687  0.41992  0.866786    0.24718179      0.24718      1.36115     -0.00000      0.21515      0.20218      0.11901      0.40115      0.37695      0.22189
12.51094  0.69447  1.38895  4.57447  0.25393  0.00068  0.46041  0.42068  0.881095    0.25392572      0.25393      1.38895     -0.00000      0.22062      0.20158      0.12168      0.40564      0.37064      0.22372
12.75590  0.70807  1.41614  4.69299  0.26050  0.00068  0.47377  0.42136  0.895133    0.26050434      0.26051      1.41615     -0.00001      0.22597      0.20098      0.12425      0.40996      0.36462      0.22542
12.99576  0.72139  1.44277  4.80869  0.26693  0.00068  0.48695  0.42197  0.908918    0.26692687      0.26693      1.44278     -0.00000      0.23121      0.20036      0.12674      0.41412      0.35887      0.22701
13.23084  0.73443  1.46887  4.92172  0.27320  0.00068  0.49996  0.42251  0.922467    0.27320115      0.27320      1.46887     -0.00000      0.23634      0.19973      0.12915      0.41814      0.35337      0.22849
13.46138  0.74723  1.49446  5.03221  0.27933  0.00068  0.51281  0.42299  0.935795    0.27933441      0.27934      1.49447     -0.00001      0.24138      0.19910      0.13148      0.42202      0.34810      0.22988
13.68764  0.75979  1.51958  5.14029  0.28533  0.00068  0.52550  0.42341  0.948915    0.28533395      0.28534      1.51959     -0.00001      0.24631      0.19846      0.13374      0.42577      0.34305      0.23118
13.90984  0.77213  1.54425  5.24607  0.29121  0.00068  0.53805  0.42378  0.961839    0.29120587      0.29121      1.54426     -0.00000      0.25116      0.19782      0.13593      0.42940      0.33820      0.23240
14.12818  0.78425  1.56849  5.34966  0.29696  0.00068  0.55046  0.42411  0.974579    0.29695585      0.29696      1.56850     -0.00001      0.25592      0.19718      0.13806      0.43291      0.33354      0.23354
14.34286  0.79616  1.59232  5.45116  0.30259  0.00068  0.56274  0.42440  0.987145    0.30258981      0.30259      1.59233     -0.00001      0.26060      0.19654      0.14013      0.43632      0.32906      0.23462
14.55404  0.80788  1.61577  5.55065  0.30811  0.00068  0.57489  0.42466  0.999544    0.30811262      0.30812      1.61577     -0.00001      0.26520      0.19590      0.14213      0.43963      0.32475      0.23562
14.76189  0.81942  1.63884  5.64822  0.31353  0.00068  0.58691  0.42488  1.011787    0.31352875      0.31353      1.63885     -0.00001      0.26972      0.19526      0.14409      0.44284      0.32059      0.23657
14.96655  0.83078  1.66157  5.74396  0.31884  0.00068  0.59881  0.42507  1.023880    0.31884318      0.31885      1.66157     -0.00001      0.27417      0.19462      0.14598      0.44597      0.31657      0.23746
15.16817  0.84197  1.68395  5.83794  0.32406  0.00068  0.61060  0.42523  1.035829    0.32405978      0.32406      1.68395     -0.00001      0.27854      0.19398      0.14783      0.44900      0.31270      0.23830
15.36687  0.85300  1.70601  5.93022  0.32918  0.00068  0.62227  0.42537  1.047643    0.32918246      0.32919      1.70601     -0.00001      0.28285      0.19335      0.14963      0.45196      0.30895      0.23909
15.56276  0.86388  1.72776  6.02088  0.33421  0.00068  0.63384  0.42549  1.059327    0.33421463      0.33422      1.72776     -0.00001      0.28710      0.19273      0.15139      0.45484      0.30533      0.23983
15.75597  0.87460  1.74921  6.10997  0.33916  0.00068  0.64530  0.42558  1.070885    0.33916023      0.33916      1.74921     -0.00001      0.29128      0.19210      0.15310      0.45765      0.30182      0.24053
15.94660  0.88518  1.77037  6.19756  0.34402  0.00068  0.65666  0.42566  1.082324    0.34402225      0.34403      1.77037     -0.00001      0.29541      0.19149      0.15476      0.46038      0.29843      0.24119
 Number of compositions           43
 Mean error  =    1.8213928362530711E-006
 Std error    2.0466033465405469E-006
